<?xml version="1.0" encoding="UTF-8"?>
<testng-results skipped="0" failed="0" total="1" passed="1">
  <reporter-output>
    <line>
      <![CDATA[test pass]]>
    </line>
  </reporter-output>
  <suite name="Suite" duration-ms="27963" started-at="2019-03-31T18:34:45Z" finished-at="2019-03-31T18:35:13Z">
    <groups>
    </groups>
    <test name="Test" duration-ms="27963" started-at="2019-03-31T18:34:45Z" finished-at="2019-03-31T18:35:13Z">
      <class name="script.TestAmazon">
        <test-method status="PASS" signature="openApplication()[pri:0, instance:script.TestAmazon@4f933fd1]" name="openApplication" is-config="true" duration-ms="9744" started-at="2019-04-01T00:04:46Z" finished-at="2019-04-01T00:04:55Z">
          <reporter-output>
          </reporter-output>
        </test-method> <!-- openApplication -->
        <test-method status="PASS" signature="testflipkart()[pri:0, instance:script.TestAmazon@4f933fd1]" name="testflipkart" duration-ms="18187" started-at="2019-04-01T00:04:55Z" finished-at="2019-04-01T00:05:13Z">
          <reporter-output>
            <line>
              <![CDATA[test pass]]>
            </line>
          </reporter-output>
        </test-method> <!-- testflipkart -->
      </class> <!-- script.TestAmazon -->
    </test> <!-- Test -->
  </suite> <!-- Suite -->
</testng-results>
